[2025-10-24 07:56:30Z INFO HostContext] No proxy settings were found based on environmental variables (http_proxy/https_proxy/HTTP_PROXY/HTTPS_PROXY)
[2025-10-24 07:56:30Z INFO HostContext] Well known directory 'Bin': 'D:\HK\HK7\Lap-trinh-huong-dich-vu\OnTap\TH\demo-2\EProject-Phase-1\actions-runner\bin'
[2025-10-24 07:56:30Z INFO HostContext] Well known directory 'Root': 'D:\HK\HK7\Lap-trinh-huong-dich-vu\OnTap\TH\demo-2\EProject-Phase-1\actions-runner'
[2025-10-24 07:56:30Z INFO HostContext] Well known config file 'Credentials': 'D:\HK\HK7\Lap-trinh-huong-dich-vu\OnTap\TH\demo-2\EProject-Phase-1\actions-runner\.credentials'
[2025-10-24 07:56:30Z INFO HostContext] Well known directory 'Bin': 'D:\HK\HK7\Lap-trinh-huong-dich-vu\OnTap\TH\demo-2\EProject-Phase-1\actions-runner\bin'
[2025-10-24 07:56:30Z INFO HostContext] Well known directory 'Root': 'D:\HK\HK7\Lap-trinh-huong-dich-vu\OnTap\TH\demo-2\EProject-Phase-1\actions-runner'
[2025-10-24 07:56:30Z INFO HostContext] Well known config file 'Runner': 'D:\HK\HK7\Lap-trinh-huong-dich-vu\OnTap\TH\demo-2\EProject-Phase-1\actions-runner\.runner'
[2025-10-24 07:56:30Z INFO Listener] Runner is built for Windows (X64) - win-x64.
[2025-10-24 07:56:30Z INFO Listener] RuntimeInformation: Microsoft Windows 10.0.26100.
[2025-10-24 07:56:30Z INFO Listener] Version: 2.329.0
[2025-10-24 07:56:30Z INFO Listener] Commit: c76c59996c8fa32e989164a5a695efb12608ae5a
[2025-10-24 07:56:30Z INFO Listener] Culture: en-US
[2025-10-24 07:56:30Z INFO Listener] UI Culture: en-US
[2025-10-24 07:56:30Z INFO HostContext] Well known directory 'Bin': 'D:\HK\HK7\Lap-trinh-huong-dich-vu\OnTap\TH\demo-2\EProject-Phase-1\actions-runner\bin'
[2025-10-24 07:56:30Z INFO HostContext] Well known directory 'Root': 'D:\HK\HK7\Lap-trinh-huong-dich-vu\OnTap\TH\demo-2\EProject-Phase-1\actions-runner'
[2025-10-24 07:56:30Z INFO Listener] Validating directory permissions for: 'D:\HK\HK7\Lap-trinh-huong-dich-vu\OnTap\TH\demo-2\EProject-Phase-1\actions-runner'
[2025-10-24 07:56:30Z INFO CommandLineParser] Parse
[2025-10-24 07:56:30Z INFO CommandLineParser] Parsing 1 args
[2025-10-24 07:56:30Z INFO CommandLineParser] parsing argument
[2025-10-24 07:56:30Z INFO CommandLineParser] HasArgs: False
[2025-10-24 07:56:30Z INFO CommandLineParser] Adding Command: run
[2025-10-24 07:56:30Z INFO Listener] Arguments parsed
[2025-10-24 07:56:30Z INFO Runner] ExecuteCommand
[2025-10-24 07:56:30Z INFO ConfigurationStore] currentAssemblyLocation: D:\HK\HK7\Lap-trinh-huong-dich-vu\OnTap\TH\demo-2\EProject-Phase-1\actions-runner\bin\Runner.Listener.dll
[2025-10-24 07:56:30Z INFO HostContext] Well known directory 'Bin': 'D:\HK\HK7\Lap-trinh-huong-dich-vu\OnTap\TH\demo-2\EProject-Phase-1\actions-runner\bin'
[2025-10-24 07:56:30Z INFO ConfigurationStore] binPath: D:\HK\HK7\Lap-trinh-huong-dich-vu\OnTap\TH\demo-2\EProject-Phase-1\actions-runner\bin
[2025-10-24 07:56:30Z INFO HostContext] Well known directory 'Bin': 'D:\HK\HK7\Lap-trinh-huong-dich-vu\OnTap\TH\demo-2\EProject-Phase-1\actions-runner\bin'
[2025-10-24 07:56:30Z INFO HostContext] Well known directory 'Root': 'D:\HK\HK7\Lap-trinh-huong-dich-vu\OnTap\TH\demo-2\EProject-Phase-1\actions-runner'
[2025-10-24 07:56:30Z INFO ConfigurationStore] RootFolder: D:\HK\HK7\Lap-trinh-huong-dich-vu\OnTap\TH\demo-2\EProject-Phase-1\actions-runner
[2025-10-24 07:56:30Z INFO HostContext] Well known directory 'Bin': 'D:\HK\HK7\Lap-trinh-huong-dich-vu\OnTap\TH\demo-2\EProject-Phase-1\actions-runner\bin'
[2025-10-24 07:56:30Z INFO HostContext] Well known directory 'Root': 'D:\HK\HK7\Lap-trinh-huong-dich-vu\OnTap\TH\demo-2\EProject-Phase-1\actions-runner'
[2025-10-24 07:56:30Z INFO HostContext] Well known config file 'Runner': 'D:\HK\HK7\Lap-trinh-huong-dich-vu\OnTap\TH\demo-2\EProject-Phase-1\actions-runner\.runner'
[2025-10-24 07:56:30Z INFO ConfigurationStore] ConfigFilePath: D:\HK\HK7\Lap-trinh-huong-dich-vu\OnTap\TH\demo-2\EProject-Phase-1\actions-runner\.runner
[2025-10-24 07:56:30Z INFO HostContext] Well known directory 'Bin': 'D:\HK\HK7\Lap-trinh-huong-dich-vu\OnTap\TH\demo-2\EProject-Phase-1\actions-runner\bin'
[2025-10-24 07:56:30Z INFO HostContext] Well known directory 'Root': 'D:\HK\HK7\Lap-trinh-huong-dich-vu\OnTap\TH\demo-2\EProject-Phase-1\actions-runner'
[2025-10-24 07:56:30Z INFO HostContext] Well known config file 'MigratedRunner': 'D:\HK\HK7\Lap-trinh-huong-dich-vu\OnTap\TH\demo-2\EProject-Phase-1\actions-runner\.runner_migrated'
[2025-10-24 07:56:30Z INFO ConfigurationStore] MigratedConfigFilePath: D:\HK\HK7\Lap-trinh-huong-dich-vu\OnTap\TH\demo-2\EProject-Phase-1\actions-runner\.runner_migrated
[2025-10-24 07:56:30Z INFO HostContext] Well known directory 'Bin': 'D:\HK\HK7\Lap-trinh-huong-dich-vu\OnTap\TH\demo-2\EProject-Phase-1\actions-runner\bin'
[2025-10-24 07:56:30Z INFO HostContext] Well known directory 'Root': 'D:\HK\HK7\Lap-trinh-huong-dich-vu\OnTap\TH\demo-2\EProject-Phase-1\actions-runner'
[2025-10-24 07:56:30Z INFO HostContext] Well known config file 'Credentials': 'D:\HK\HK7\Lap-trinh-huong-dich-vu\OnTap\TH\demo-2\EProject-Phase-1\actions-runner\.credentials'
[2025-10-24 07:56:30Z INFO ConfigurationStore] CredFilePath: D:\HK\HK7\Lap-trinh-huong-dich-vu\OnTap\TH\demo-2\EProject-Phase-1\actions-runner\.credentials
[2025-10-24 07:56:30Z INFO HostContext] Well known directory 'Bin': 'D:\HK\HK7\Lap-trinh-huong-dich-vu\OnTap\TH\demo-2\EProject-Phase-1\actions-runner\bin'
[2025-10-24 07:56:30Z INFO HostContext] Well known directory 'Root': 'D:\HK\HK7\Lap-trinh-huong-dich-vu\OnTap\TH\demo-2\EProject-Phase-1\actions-runner'
[2025-10-24 07:56:30Z INFO HostContext] Well known config file 'MigratedCredentials': 'D:\HK\HK7\Lap-trinh-huong-dich-vu\OnTap\TH\demo-2\EProject-Phase-1\actions-runner\.credentials_migrated'
[2025-10-24 07:56:30Z INFO ConfigurationStore] MigratedCredFilePath: D:\HK\HK7\Lap-trinh-huong-dich-vu\OnTap\TH\demo-2\EProject-Phase-1\actions-runner\.credentials_migrated
[2025-10-24 07:56:30Z INFO HostContext] Well known directory 'Bin': 'D:\HK\HK7\Lap-trinh-huong-dich-vu\OnTap\TH\demo-2\EProject-Phase-1\actions-runner\bin'
[2025-10-24 07:56:30Z INFO HostContext] Well known directory 'Root': 'D:\HK\HK7\Lap-trinh-huong-dich-vu\OnTap\TH\demo-2\EProject-Phase-1\actions-runner'
[2025-10-24 07:56:30Z INFO HostContext] Well known config file 'Service': 'D:\HK\HK7\Lap-trinh-huong-dich-vu\OnTap\TH\demo-2\EProject-Phase-1\actions-runner\.service'
[2025-10-24 07:56:30Z INFO ConfigurationStore] ServiceConfigFilePath: D:\HK\HK7\Lap-trinh-huong-dich-vu\OnTap\TH\demo-2\EProject-Phase-1\actions-runner\.service
[2025-10-24 07:56:30Z INFO CommandSettings] Flag 'help': 'False'
[2025-10-24 07:56:30Z INFO CommandSettings] Flag 'version': 'False'
[2025-10-24 07:56:30Z INFO CommandSettings] Flag 'commit': 'False'
[2025-10-24 07:56:30Z INFO CommandSettings] Flag 'check': 'False'
[2025-10-24 07:56:30Z INFO CommandSettings] Command 'configure': 'False'
[2025-10-24 07:56:30Z INFO CommandSettings] Command 'remove': 'False'
[2025-10-24 07:56:30Z INFO CommandSettings] Command 'warmup': 'False'
[2025-10-24 07:56:30Z INFO ConfigurationManager] LoadSettings
[2025-10-24 07:56:30Z INFO ConfigurationStore] IsConfigured()
[2025-10-24 07:56:30Z INFO ConfigurationStore] IsConfigured: True
[2025-10-24 07:56:30Z INFO ConfigurationManager] Is configured: True
[2025-10-24 07:56:30Z INFO ConfigurationStore] Read setting file: 397 chars
[2025-10-24 07:56:30Z INFO ConfigurationManager] Settings Loaded
[2025-10-24 07:56:30Z INFO ConfigurationStore] IsServiceConfigured()
[2025-10-24 07:56:30Z INFO ConfigurationStore] IsServiceConfigured: False
[2025-10-24 07:56:30Z INFO CommandSettings] Command 'run': 'True'
[2025-10-24 07:56:30Z INFO ConfigurationStore] IsConfigured()
[2025-10-24 07:56:30Z INFO ConfigurationStore] IsConfigured: True
[2025-10-24 07:56:30Z INFO ConfigurationManager] Is configured: True
[2025-10-24 07:56:30Z INFO Runner] Could not parse the argument value '' for StartupType. Defaulting to Manual
[2025-10-24 07:56:30Z INFO Runner] Set runner startup type - Manual
[2025-10-24 07:56:30Z INFO CommandSettings] Flag 'once': 'False'
[2025-10-24 07:56:30Z INFO CommandSettings] Flag 'once': 'False'
[2025-10-24 07:56:30Z INFO Runner] RunAsync
[2025-10-24 07:56:30Z INFO ConfigurationManager] LoadMigratedSettings
[2025-10-24 07:56:30Z INFO ConfigurationStore] IsMigratedConfigured()
[2025-10-24 07:56:30Z INFO ConfigurationStore] IsMigratedConfigured: False
[2025-10-24 07:56:30Z INFO Runner] Failed to load migrated settings: No migrated configuration found.
[2025-10-24 07:56:30Z INFO Runner] Falling back to original .runner settings
[2025-10-24 07:56:30Z INFO Runner] Using BrokerMessageListener
[2025-10-24 07:56:30Z INFO BrokerMessageListener] Using provided settings
[2025-10-24 07:56:30Z INFO BrokerMessageListener] {
  "AgentId": 21,
  "AgentName": "DESKTOP-ULS7F51",
  "PoolId": 1,
  "PoolName": "Default",
  "ServerUrl": "https://pipelinesghubeus6.actions.githubusercontent.com/rDR0j2bFxT8DzTd37g1D7fyKvaiJgCf6Hzn8lY8Fwr5YR5L3hN/",
  "GitHubUrl": "https://github.com/KTrong04/demo-EP-2",
  "WorkFolder": "_work",
  "UseV2Flow": true,
  "ServerUrlV2": "https://broker.actions.githubusercontent.com/"
}
[2025-10-24 07:56:30Z INFO BrokerMessageListener] Loading Credentials
[2025-10-24 07:56:30Z INFO ConfigurationStore] HasCredentials()
[2025-10-24 07:56:30Z INFO ConfigurationStore] stored True
[2025-10-24 07:56:30Z INFO CredentialManager] GetCredentialProvider
[2025-10-24 07:56:30Z INFO CredentialManager] Creating type OAuth
[2025-10-24 07:56:30Z INFO CredentialManager] Creating credential type: OAuth
[2025-10-24 07:56:30Z INFO HostContext] Well known directory 'Bin': 'D:\HK\HK7\Lap-trinh-huong-dich-vu\OnTap\TH\demo-2\EProject-Phase-1\actions-runner\bin'
[2025-10-24 07:56:30Z INFO HostContext] Well known directory 'Root': 'D:\HK\HK7\Lap-trinh-huong-dich-vu\OnTap\TH\demo-2\EProject-Phase-1\actions-runner'
[2025-10-24 07:56:30Z INFO HostContext] Well known config file 'RSACredentials': 'D:\HK\HK7\Lap-trinh-huong-dich-vu\OnTap\TH\demo-2\EProject-Phase-1\actions-runner\.credentials_rsaparams'
[2025-10-24 07:56:30Z INFO RSAEncryptedFileKeyManager] Loading RSA key parameters from file D:\HK\HK7\Lap-trinh-huong-dich-vu\OnTap\TH\demo-2\EProject-Phase-1\actions-runner\.credentials_rsaparams
[2025-10-24 07:56:30Z INFO BrokerMessageListener] Attempt to create session.
[2025-10-24 07:56:30Z INFO BrokerMessageListener] Connecting to the Broker Server...
[2025-10-24 07:56:30Z INFO ConfigurationStore] HasCredentials()
[2025-10-24 07:56:30Z INFO ConfigurationStore] stored True
[2025-10-24 07:56:30Z INFO CredentialManager] GetCredentialProvider
[2025-10-24 07:56:30Z INFO CredentialManager] Creating type OAuth
[2025-10-24 07:56:30Z INFO CredentialManager] Creating credential type: OAuth
[2025-10-24 07:56:30Z INFO RSAEncryptedFileKeyManager] Loading RSA key parameters from file D:\HK\HK7\Lap-trinh-huong-dich-vu\OnTap\TH\demo-2\EProject-Phase-1\actions-runner\.credentials_rsaparams
[2025-10-24 07:56:30Z INFO BrokerMessageListener] VssConnection created
[2025-10-24 07:56:30Z INFO BrokerMessageListener] Connecting to the Runner server...
[2025-10-24 07:56:30Z INFO RunnerServer] EstablishVssConnection
[2025-10-24 07:56:30Z INFO RunnerServer] Establish connection with 100 seconds timeout.
[2025-10-24 07:56:30Z INFO GitHubActionsService] Starting operation Location.GetConnectionData
[2025-10-24 07:56:30Z INFO RunnerServer] EstablishVssConnection
[2025-10-24 07:56:30Z INFO RunnerServer] Establish connection with 60 seconds timeout.
[2025-10-24 07:56:30Z INFO GitHubActionsService] Starting operation Location.GetConnectionData
[2025-10-24 07:56:30Z INFO RunnerServer] EstablishVssConnection
[2025-10-24 07:56:30Z INFO RunnerServer] Establish connection with 60 seconds timeout.
[2025-10-24 07:56:30Z INFO GitHubActionsService] Starting operation Location.GetConnectionData
[2025-10-24 07:56:31Z INFO GitHubActionsService] Finished operation Location.GetConnectionData
[2025-10-24 07:56:31Z INFO GitHubActionsService] Finished operation Location.GetConnectionData
[2025-10-24 07:56:31Z INFO GitHubActionsService] Finished operation Location.GetConnectionData
[2025-10-24 07:56:31Z INFO BrokerMessageListener] VssConnection created
[2025-10-24 07:56:31Z INFO Terminal] WRITE LINE: 
[2025-10-24 07:56:31Z INFO Terminal] WRITE LINE: 
[2025-10-24 07:56:32Z INFO RSAEncryptedFileKeyManager] Loading RSA key parameters from file D:\HK\HK7\Lap-trinh-huong-dich-vu\OnTap\TH\demo-2\EProject-Phase-1\actions-runner\.credentials_rsaparams
[2025-10-24 07:56:32Z INFO RSAEncryptedFileKeyManager] Loading RSA key parameters from file D:\HK\HK7\Lap-trinh-huong-dich-vu\OnTap\TH\demo-2\EProject-Phase-1\actions-runner\.credentials_rsaparams
[2025-10-24 07:56:33Z INFO GitHubActionsService] AAD Correlation ID for this token request: Unknown
[2025-10-24 07:56:34Z INFO BrokerMessageListener] Session created.
[2025-10-24 07:56:34Z INFO Terminal] WRITE LINE: Current runner version: '2.329.0'
[2025-10-24 07:56:34Z INFO Terminal] WRITE LINE: 2025-10-24 07:56:34Z: Listening for Jobs
[2025-10-24 07:56:34Z INFO JobDispatcher] Set runner/worker IPC timeout to 30 seconds.
[2025-10-24 07:56:34Z INFO ConfigurationStore] HasCredentials()
[2025-10-24 07:56:34Z INFO ConfigurationStore] stored True
[2025-10-24 07:56:34Z INFO CredentialManager] GetCredentialProvider
[2025-10-24 07:56:34Z INFO CredentialManager] Creating type OAuth
[2025-10-24 07:56:34Z INFO CredentialManager] Creating credential type: OAuth
[2025-10-24 07:56:34Z INFO RSAEncryptedFileKeyManager] Loading RSA key parameters from file D:\HK\HK7\Lap-trinh-huong-dich-vu\OnTap\TH\demo-2\EProject-Phase-1\actions-runner\.credentials_rsaparams
[2025-10-24 07:56:34Z INFO RSAEncryptedFileKeyManager] Loading RSA key parameters from file D:\HK\HK7\Lap-trinh-huong-dich-vu\OnTap\TH\demo-2\EProject-Phase-1\actions-runner\.credentials_rsaparams
[2025-10-24 07:56:34Z INFO RSAEncryptedFileKeyManager] Loading RSA key parameters from file D:\HK\HK7\Lap-trinh-huong-dich-vu\OnTap\TH\demo-2\EProject-Phase-1\actions-runner\.credentials_rsaparams
[2025-10-24 07:56:35Z INFO GitHubActionsService] AAD Correlation ID for this token request: Unknown
[2025-10-24 07:56:37Z INFO JobDispatcher] Job request 0 for plan 416a4556-1ca7-4a45-8a78-5786fef28142 job f65c00ee-4121-598d-a3cb-9219bff7025d received.
[2025-10-24 07:56:37Z INFO JobDispatcher] Pull OrchestrationId 416a4556-1ca7-4a45-8a78-5786fef28142.deploy.__default from JWT claims
[2025-10-24 07:56:37Z INFO BrokerMessageListener] Received job status event. JobState: Busy
[2025-10-24 07:56:37Z INFO BrokerMessageListener] _getMessagesTokenSource is already disposed.
[2025-10-24 07:56:37Z INFO Terminal] WRITE LINE: 2025-10-24 07:56:37Z: Running job: Deploy on Localhost (Windows Runner)
[2025-10-24 07:56:37Z INFO JobDispatcher] Start renew job request 0 for job f65c00ee-4121-598d-a3cb-9219bff7025d.
[2025-10-24 07:56:38Z INFO JobDispatcher] Successfully renew job f65c00ee-4121-598d-a3cb-9219bff7025d, job is valid till 10/24/2025 8:06:37 AM
[2025-10-24 07:56:38Z INFO HostContext] Well known directory 'Bin': 'D:\HK\HK7\Lap-trinh-huong-dich-vu\OnTap\TH\demo-2\EProject-Phase-1\actions-runner\bin'
[2025-10-24 07:56:38Z INFO ProcessInvokerWrapper] Starting process:
[2025-10-24 07:56:38Z INFO ProcessInvokerWrapper]   File name: 'D:\HK\HK7\Lap-trinh-huong-dich-vu\OnTap\TH\demo-2\EProject-Phase-1\actions-runner\bin\Runner.Worker.exe'
[2025-10-24 07:56:38Z INFO ProcessInvokerWrapper]   Arguments: 'spawnclient 2344 2388'
[2025-10-24 07:56:38Z INFO ProcessInvokerWrapper]   Working directory: 'D:\HK\HK7\Lap-trinh-huong-dich-vu\OnTap\TH\demo-2\EProject-Phase-1\actions-runner\bin'
[2025-10-24 07:56:38Z INFO ProcessInvokerWrapper]   Require exit code zero: 'False'
[2025-10-24 07:56:38Z INFO ProcessInvokerWrapper]   Encoding web name:  ; code page: ''
[2025-10-24 07:56:38Z INFO ProcessInvokerWrapper]   Force kill process on cancellation: 'True'
[2025-10-24 07:56:38Z INFO ProcessInvokerWrapper]   Redirected STDIN: 'False'
[2025-10-24 07:56:38Z INFO ProcessInvokerWrapper]   Persist current code page: 'False'
[2025-10-24 07:56:38Z INFO ProcessInvokerWrapper]   Keep redirected STDIN open: 'False'
[2025-10-24 07:56:38Z INFO ProcessInvokerWrapper]   High priority process: 'True'
[2025-10-24 07:56:38Z INFO ProcessInvokerWrapper] Process started with process id 14628, waiting for process exit.
[2025-10-24 07:56:38Z INFO JobDispatcher] Send job request message to worker for job f65c00ee-4121-598d-a3cb-9219bff7025d.
[2025-10-24 07:56:38Z INFO ProcessChannel] Sending message of length 22440, with hash '4fa18580641cf815f4658a11d5d78aee29349f88e9b4c21b7532dd9d97df29ab'
[2025-10-24 07:56:38Z INFO JobNotification] Entering JobStarted Notification
[2025-10-24 07:56:38Z INFO JobNotification] Entering StartMonitor
[2025-10-24 07:57:40Z INFO JobDispatcher] Successfully renew job f65c00ee-4121-598d-a3cb-9219bff7025d, job is valid till 10/24/2025 8:07:39 AM
[2025-10-24 07:57:53Z INFO ProcessInvokerWrapper] STDOUT/STDERR stream read finished.
[2025-10-24 07:57:53Z INFO ProcessInvokerWrapper] STDOUT/STDERR stream read finished.
[2025-10-24 07:57:53Z INFO ProcessInvokerWrapper] Finished process 14628 with exit code 100, and elapsed time 00:01:15.5769030.
[2025-10-24 07:57:53Z INFO JobDispatcher] Worker finished for job f65c00ee-4121-598d-a3cb-9219bff7025d. Code: 100
[2025-10-24 07:57:53Z INFO JobDispatcher] finish job request for job f65c00ee-4121-598d-a3cb-9219bff7025d with result: Succeeded
[2025-10-24 07:57:53Z INFO Terminal] WRITE LINE: 2025-10-24 07:57:53Z: Job Deploy on Localhost (Windows Runner) completed with result: Succeeded
[2025-10-24 07:57:53Z INFO JobDispatcher] Stop renew job request for job f65c00ee-4121-598d-a3cb-9219bff7025d.
[2025-10-24 07:57:53Z INFO JobDispatcher] job renew has been cancelled, stop renew job f65c00ee-4121-598d-a3cb-9219bff7025d.
[2025-10-24 07:57:53Z INFO JobNotification] Entering JobCompleted Notification
[2025-10-24 07:57:53Z INFO JobNotification] Entering EndMonitor
[2025-10-24 07:57:53Z INFO BrokerMessageListener] Received job status event. JobState: Online
[2025-10-24 07:57:53Z WARN GitHubActionsService] GET request to https://broker.actions.githubusercontent.com/message?sessionId=b0ca675e-a760-46a0-a1bf-837b206be9da&status=Busy&runnerVersion=2.329.0&os=Windows&architecture=X64&disableUpdate=false has been cancelled.
[2025-10-24 07:57:53Z ERR  BrokerServer] Catch exception during request
[2025-10-24 07:57:54Z ERR  BrokerServer] System.Threading.Tasks.TaskCanceledException: The operation was canceled.
 ---> System.Threading.Tasks.TaskCanceledException: The operation was canceled.
 ---> System.IO.IOException: Unable to read data from the transport connection: The I/O operation has been aborted because of either a thread exit or an application request..
 ---> System.Net.Sockets.SocketException (995): The I/O operation has been aborted because of either a thread exit or an application request.
   --- End of inner exception stack trace ---
   at System.Net.Sockets.Socket.AwaitableSocketAsyncEventArgs.ThrowException(SocketError error, CancellationToken cancellationToken)
   at System.Net.Sockets.Socket.AwaitableSocketAsyncEventArgs.System.Threading.Tasks.Sources.IValueTaskSource<System.Int32>.GetResult(Int16 token)
   at System.Net.Security.SslStream.EnsureFullTlsFrameAsync[TIOAdapter](CancellationToken cancellationToken, Int32 estimatedSize)
   at System.Runtime.CompilerServices.PoolingAsyncValueTaskMethodBuilder`1.StateMachineBox`1.System.Threading.Tasks.Sources.IValueTaskSource<TResult>.GetResult(Int16 token)
   at System.Net.Security.SslStream.ReadAsyncInternal[TIOAdapter](Memory`1 buffer, CancellationToken cancellationToken)
   at System.Runtime.CompilerServices.PoolingAsyncValueTaskMethodBuilder`1.StateMachineBox`1.System.Threading.Tasks.Sources.IValueTaskSource<TResult>.GetResult(Int16 token)
   at System.Net.Http.HttpConnection.SendAsync(HttpRequestMessage request, Boolean async, CancellationToken cancellationToken)
   --- End of inner exception stack trace ---
   at System.Net.Http.HttpConnection.SendAsync(HttpRequestMessage request, Boolean async, CancellationToken cancellationToken)
   at System.Net.Http.AuthenticationHelper.SendWithNtAuthAsync(HttpRequestMessage request, Uri authUri, Boolean async, ICredentials credentials, Boolean isProxyAuth, HttpConnection connection, HttpConnectionPool connectionPool, CancellationToken cancellationToken)
   at System.Net.Http.HttpConnectionPool.SendWithVersionDetectionAndRetryAsync(HttpRequestMessage request, Boolean async, Boolean doRequestAuth, CancellationToken cancellationToken)
   at System.Net.Http.AuthenticationHelper.SendWithAuthAsync(HttpRequestMessage request, Uri authUri, Boolean async, ICredentials credentials, Boolean preAuthenticate, Boolean isProxyAuth, Boolean doRequestAuth, HttpConnectionPool pool, CancellationToken cancellationToken)
   at System.Net.Http.RedirectHandler.SendAsync(HttpRequestMessage request, Boolean async, CancellationToken cancellationToken)
   at GitHub.Services.Common.RawHttpMessageHandler.SendAsync(HttpRequestMessage request, CancellationToken cancellationToken)
   at GitHub.Services.Common.VssHttpRetryMessageHandler.SendAsync(HttpRequestMessage request, CancellationToken cancellationToken)
   at System.Net.Http.HttpClient.<SendAsync>g__Core|83_0(HttpRequestMessage request, HttpCompletionOption completionOption, CancellationTokenSource cts, Boolean disposeCts, CancellationTokenSource pendingRequestsCts, CancellationToken originalCancellationToken)
   --- End of inner exception stack trace ---
   at System.Net.Http.HttpClient.HandleFailure(Exception e, Boolean telemetryStarted, HttpResponseMessage response, CancellationTokenSource cts, CancellationToken cancellationToken, CancellationTokenSource pendingRequestsCts)
   at System.Net.Http.HttpClient.<SendAsync>g__Core|83_0(HttpRequestMessage request, HttpCompletionOption completionOption, CancellationTokenSource cts, Boolean disposeCts, CancellationTokenSource pendingRequestsCts, CancellationToken originalCancellationToken)
   at Sdk.WebApi.WebApi.RawHttpClientBase.SendAsync(HttpRequestMessage message, HttpCompletionOption completionOption, Object userState, CancellationToken cancellationToken)
   at Sdk.WebApi.WebApi.RawHttpClientBase.SendAsync[T](HttpRequestMessage message, Boolean readErrorBody, Object userState, CancellationToken cancellationToken)
   at Sdk.WebApi.WebApi.RawHttpClientBase.SendAsync[T](HttpMethod method, IEnumerable`1 additionalHeaders, Uri requestUri, HttpContent content, IEnumerable`1 queryParameters, Boolean readErrorBody, Object userState, CancellationToken cancellationToken)
   at GitHub.Actions.RunService.WebApi.BrokerHttpClient.GetRunnerMessageAsync(Nullable`1 sessionId, String runnerVersion, Nullable`1 status, String os, String architecture, Nullable`1 disableUpdate, CancellationToken cancellationToken)
   at GitHub.Runner.Common.BrokerServer.<>c__DisplayClass7_0.<<GetRunnerMessageAsync>b__0>d.MoveNext()
--- End of stack trace from previous location ---
   at GitHub.Runner.Common.RunnerService.RetryRequest[T](Func`1 func, CancellationToken cancellationToken, Int32 maxAttempts, Func`2 shouldRetry)
[2025-10-24 07:57:54Z ERR  BrokerServer] #####################################################
[2025-10-24 07:57:54Z ERR  BrokerServer] System.Threading.Tasks.TaskCanceledException: The operation was canceled.
 ---> System.IO.IOException: Unable to read data from the transport connection: The I/O operation has been aborted because of either a thread exit or an application request..
 ---> System.Net.Sockets.SocketException (995): The I/O operation has been aborted because of either a thread exit or an application request.
   --- End of inner exception stack trace ---
   at System.Net.Sockets.Socket.AwaitableSocketAsyncEventArgs.ThrowException(SocketError error, CancellationToken cancellationToken)
   at System.Net.Sockets.Socket.AwaitableSocketAsyncEventArgs.System.Threading.Tasks.Sources.IValueTaskSource<System.Int32>.GetResult(Int16 token)
   at System.Net.Security.SslStream.EnsureFullTlsFrameAsync[TIOAdapter](CancellationToken cancellationToken, Int32 estimatedSize)
   at System.Runtime.CompilerServices.PoolingAsyncValueTaskMethodBuilder`1.StateMachineBox`1.System.Threading.Tasks.Sources.IValueTaskSource<TResult>.GetResult(Int16 token)
   at System.Net.Security.SslStream.ReadAsyncInternal[TIOAdapter](Memory`1 buffer, CancellationToken cancellationToken)
   at System.Runtime.CompilerServices.PoolingAsyncValueTaskMethodBuilder`1.StateMachineBox`1.System.Threading.Tasks.Sources.IValueTaskSource<TResult>.GetResult(Int16 token)
   at System.Net.Http.HttpConnection.SendAsync(HttpRequestMessage request, Boolean async, CancellationToken cancellationToken)
   --- End of inner exception stack trace ---
   at System.Net.Http.HttpConnection.SendAsync(HttpRequestMessage request, Boolean async, CancellationToken cancellationToken)
   at System.Net.Http.AuthenticationHelper.SendWithNtAuthAsync(HttpRequestMessage request, Uri authUri, Boolean async, ICredentials credentials, Boolean isProxyAuth, HttpConnection connection, HttpConnectionPool connectionPool, CancellationToken cancellationToken)
   at System.Net.Http.HttpConnectionPool.SendWithVersionDetectionAndRetryAsync(HttpRequestMessage request, Boolean async, Boolean doRequestAuth, CancellationToken cancellationToken)
   at System.Net.Http.AuthenticationHelper.SendWithAuthAsync(HttpRequestMessage request, Uri authUri, Boolean async, ICredentials credentials, Boolean preAuthenticate, Boolean isProxyAuth, Boolean doRequestAuth, HttpConnectionPool pool, CancellationToken cancellationToken)
   at System.Net.Http.RedirectHandler.SendAsync(HttpRequestMessage request, Boolean async, CancellationToken cancellationToken)
   at GitHub.Services.Common.RawHttpMessageHandler.SendAsync(HttpRequestMessage request, CancellationToken cancellationToken)
   at GitHub.Services.Common.VssHttpRetryMessageHandler.SendAsync(HttpRequestMessage request, CancellationToken cancellationToken)
   at System.Net.Http.HttpClient.<SendAsync>g__Core|83_0(HttpRequestMessage request, HttpCompletionOption completionOption, CancellationTokenSource cts, Boolean disposeCts, CancellationTokenSource pendingRequestsCts, CancellationToken originalCancellationToken)
[2025-10-24 07:57:54Z ERR  BrokerServer] #####################################################
[2025-10-24 07:57:54Z ERR  BrokerServer] System.IO.IOException: Unable to read data from the transport connection: The I/O operation has been aborted because of either a thread exit or an application request..
 ---> System.Net.Sockets.SocketException (995): The I/O operation has been aborted because of either a thread exit or an application request.
   --- End of inner exception stack trace ---
   at System.Net.Sockets.Socket.AwaitableSocketAsyncEventArgs.ThrowException(SocketError error, CancellationToken cancellationToken)
   at System.Net.Sockets.Socket.AwaitableSocketAsyncEventArgs.System.Threading.Tasks.Sources.IValueTaskSource<System.Int32>.GetResult(Int16 token)
   at System.Net.Security.SslStream.EnsureFullTlsFrameAsync[TIOAdapter](CancellationToken cancellationToken, Int32 estimatedSize)
   at System.Runtime.CompilerServices.PoolingAsyncValueTaskMethodBuilder`1.StateMachineBox`1.System.Threading.Tasks.Sources.IValueTaskSource<TResult>.GetResult(Int16 token)
   at System.Net.Security.SslStream.ReadAsyncInternal[TIOAdapter](Memory`1 buffer, CancellationToken cancellationToken)
   at System.Runtime.CompilerServices.PoolingAsyncValueTaskMethodBuilder`1.StateMachineBox`1.System.Threading.Tasks.Sources.IValueTaskSource<TResult>.GetResult(Int16 token)
   at System.Net.Http.HttpConnection.SendAsync(HttpRequestMessage request, Boolean async, CancellationToken cancellationToken)
[2025-10-24 07:57:54Z ERR  BrokerServer] #####################################################
[2025-10-24 07:57:54Z ERR  BrokerServer] System.Net.Sockets.SocketException (995): The I/O operation has been aborted because of either a thread exit or an application request.
[2025-10-24 07:57:54Z WARN BrokerServer] Back off 8.221 seconds before next retry. 4 attempt left.
[2025-10-24 07:57:54Z INFO BrokerMessageListener] Get messages has been cancelled using local token source. Continue to get messages with new status.
[2025-10-24 08:08:45Z INFO Terminal] WRITE LINE: Exiting...
[2025-10-24 08:08:45Z INFO ConfigurationStore] IsServiceConfigured()
[2025-10-24 08:08:45Z INFO ConfigurationStore] IsServiceConfigured: False
[2025-10-24 08:08:45Z INFO HostContext] Runner will be shutdown for UserCancelled
[2025-10-24 08:08:45Z WARN GitHubActionsService] GET request to https://broker.actions.githubusercontent.com/message?sessionId=b0ca675e-a760-46a0-a1bf-837b206be9da&status=Online&runnerVersion=2.329.0&os=Windows&architecture=X64&disableUpdate=false has been cancelled.
[2025-10-24 08:08:45Z ERR  BrokerServer] Catch exception during request
[2025-10-24 08:08:45Z ERR  BrokerServer] System.Threading.Tasks.TaskCanceledException: The operation was canceled.
 ---> System.Threading.Tasks.TaskCanceledException: The operation was canceled.
 ---> System.IO.IOException: Unable to read data from the transport connection: The I/O operation has been aborted because of either a thread exit or an application request..
 ---> System.Net.Sockets.SocketException (995): The I/O operation has been aborted because of either a thread exit or an application request.
   --- End of inner exception stack trace ---
   at System.Net.Sockets.Socket.AwaitableSocketAsyncEventArgs.ThrowException(SocketError error, CancellationToken cancellationToken)
   at System.Net.Sockets.Socket.AwaitableSocketAsyncEventArgs.System.Threading.Tasks.Sources.IValueTaskSource<System.Int32>.GetResult(Int16 token)
   at System.Net.Security.SslStream.EnsureFullTlsFrameAsync[TIOAdapter](CancellationToken cancellationToken, Int32 estimatedSize)
   at System.Runtime.CompilerServices.PoolingAsyncValueTaskMethodBuilder`1.StateMachineBox`1.System.Threading.Tasks.Sources.IValueTaskSource<TResult>.GetResult(Int16 token)
   at System.Net.Security.SslStream.ReadAsyncInternal[TIOAdapter](Memory`1 buffer, CancellationToken cancellationToken)
   at System.Runtime.CompilerServices.PoolingAsyncValueTaskMethodBuilder`1.StateMachineBox`1.System.Threading.Tasks.Sources.IValueTaskSource<TResult>.GetResult(Int16 token)
   at System.Net.Http.HttpConnection.SendAsync(HttpRequestMessage request, Boolean async, CancellationToken cancellationToken)
   --- End of inner exception stack trace ---
   at System.Net.Http.HttpConnection.SendAsync(HttpRequestMessage request, Boolean async, CancellationToken cancellationToken)
   at System.Net.Http.AuthenticationHelper.SendWithNtAuthAsync(HttpRequestMessage request, Uri authUri, Boolean async, ICredentials credentials, Boolean isProxyAuth, HttpConnection connection, HttpConnectionPool connectionPool, CancellationToken cancellationToken)
   at System.Net.Http.HttpConnectionPool.SendWithVersionDetectionAndRetryAsync(HttpRequestMessage request, Boolean async, Boolean doRequestAuth, CancellationToken cancellationToken)
   at System.Net.Http.AuthenticationHelper.SendWithAuthAsync(HttpRequestMessage request, Uri authUri, Boolean async, ICredentials credentials, Boolean preAuthenticate, Boolean isProxyAuth, Boolean doRequestAuth, HttpConnectionPool pool, CancellationToken cancellationToken)
   at System.Net.Http.RedirectHandler.SendAsync(HttpRequestMessage request, Boolean async, CancellationToken cancellationToken)
   at GitHub.Services.Common.RawHttpMessageHandler.SendAsync(HttpRequestMessage request, CancellationToken cancellationToken)
   at GitHub.Services.Common.VssHttpRetryMessageHandler.SendAsync(HttpRequestMessage request, CancellationToken cancellationToken)
   at System.Net.Http.HttpClient.<SendAsync>g__Core|83_0(HttpRequestMessage request, HttpCompletionOption completionOption, CancellationTokenSource cts, Boolean disposeCts, CancellationTokenSource pendingRequestsCts, CancellationToken originalCancellationToken)
   --- End of inner exception stack trace ---
   at System.Net.Http.HttpClient.HandleFailure(Exception e, Boolean telemetryStarted, HttpResponseMessage response, CancellationTokenSource cts, CancellationToken cancellationToken, CancellationTokenSource pendingRequestsCts)
   at System.Net.Http.HttpClient.<SendAsync>g__Core|83_0(HttpRequestMessage request, HttpCompletionOption completionOption, CancellationTokenSource cts, Boolean disposeCts, CancellationTokenSource pendingRequestsCts, CancellationToken originalCancellationToken)
   at Sdk.WebApi.WebApi.RawHttpClientBase.SendAsync(HttpRequestMessage message, HttpCompletionOption completionOption, Object userState, CancellationToken cancellationToken)
   at Sdk.WebApi.WebApi.RawHttpClientBase.SendAsync[T](HttpRequestMessage message, Boolean readErrorBody, Object userState, CancellationToken cancellationToken)
   at Sdk.WebApi.WebApi.RawHttpClientBase.SendAsync[T](HttpMethod method, IEnumerable`1 additionalHeaders, Uri requestUri, HttpContent content, IEnumerable`1 queryParameters, Boolean readErrorBody, Object userState, CancellationToken cancellationToken)
   at GitHub.Actions.RunService.WebApi.BrokerHttpClient.GetRunnerMessageAsync(Nullable`1 sessionId, String runnerVersion, Nullable`1 status, String os, String architecture, Nullable`1 disableUpdate, CancellationToken cancellationToken)
   at GitHub.Runner.Common.BrokerServer.<>c__DisplayClass7_0.<<GetRunnerMessageAsync>b__0>d.MoveNext()
--- End of stack trace from previous location ---
   at GitHub.Runner.Common.RunnerService.RetryRequest[T](Func`1 func, CancellationToken cancellationToken, Int32 maxAttempts, Func`2 shouldRetry)
[2025-10-24 08:08:45Z ERR  BrokerServer] #####################################################
[2025-10-24 08:08:45Z ERR  BrokerServer] System.Threading.Tasks.TaskCanceledException: The operation was canceled.
 ---> System.IO.IOException: Unable to read data from the transport connection: The I/O operation has been aborted because of either a thread exit or an application request..
 ---> System.Net.Sockets.SocketException (995): The I/O operation has been aborted because of either a thread exit or an application request.
   --- End of inner exception stack trace ---
   at System.Net.Sockets.Socket.AwaitableSocketAsyncEventArgs.ThrowException(SocketError error, CancellationToken cancellationToken)
   at System.Net.Sockets.Socket.AwaitableSocketAsyncEventArgs.System.Threading.Tasks.Sources.IValueTaskSource<System.Int32>.GetResult(Int16 token)
   at System.Net.Security.SslStream.EnsureFullTlsFrameAsync[TIOAdapter](CancellationToken cancellationToken, Int32 estimatedSize)
   at System.Runtime.CompilerServices.PoolingAsyncValueTaskMethodBuilder`1.StateMachineBox`1.System.Threading.Tasks.Sources.IValueTaskSource<TResult>.GetResult(Int16 token)
   at System.Net.Security.SslStream.ReadAsyncInternal[TIOAdapter](Memory`1 buffer, CancellationToken cancellationToken)
   at System.Runtime.CompilerServices.PoolingAsyncValueTaskMethodBuilder`1.StateMachineBox`1.System.Threading.Tasks.Sources.IValueTaskSource<TResult>.GetResult(Int16 token)
   at System.Net.Http.HttpConnection.SendAsync(HttpRequestMessage request, Boolean async, CancellationToken cancellationToken)
   --- End of inner exception stack trace ---
   at System.Net.Http.HttpConnection.SendAsync(HttpRequestMessage request, Boolean async, CancellationToken cancellationToken)
   at System.Net.Http.AuthenticationHelper.SendWithNtAuthAsync(HttpRequestMessage request, Uri authUri, Boolean async, ICredentials credentials, Boolean isProxyAuth, HttpConnection connection, HttpConnectionPool connectionPool, CancellationToken cancellationToken)
   at System.Net.Http.HttpConnectionPool.SendWithVersionDetectionAndRetryAsync(HttpRequestMessage request, Boolean async, Boolean doRequestAuth, CancellationToken cancellationToken)
   at System.Net.Http.AuthenticationHelper.SendWithAuthAsync(HttpRequestMessage request, Uri authUri, Boolean async, ICredentials credentials, Boolean preAuthenticate, Boolean isProxyAuth, Boolean doRequestAuth, HttpConnectionPool pool, CancellationToken cancellationToken)
   at System.Net.Http.RedirectHandler.SendAsync(HttpRequestMessage request, Boolean async, CancellationToken cancellationToken)
   at GitHub.Services.Common.RawHttpMessageHandler.SendAsync(HttpRequestMessage request, CancellationToken cancellationToken)
   at GitHub.Services.Common.VssHttpRetryMessageHandler.SendAsync(HttpRequestMessage request, CancellationToken cancellationToken)
   at System.Net.Http.HttpClient.<SendAsync>g__Core|83_0(HttpRequestMessage request, HttpCompletionOption completionOption, CancellationTokenSource cts, Boolean disposeCts, CancellationTokenSource pendingRequestsCts, CancellationToken originalCancellationToken)
[2025-10-24 08:08:45Z ERR  BrokerServer] #####################################################
[2025-10-24 08:08:45Z ERR  BrokerServer] System.IO.IOException: Unable to read data from the transport connection: The I/O operation has been aborted because of either a thread exit or an application request..
 ---> System.Net.Sockets.SocketException (995): The I/O operation has been aborted because of either a thread exit or an application request.
   --- End of inner exception stack trace ---
   at System.Net.Sockets.Socket.AwaitableSocketAsyncEventArgs.ThrowException(SocketError error, CancellationToken cancellationToken)
   at System.Net.Sockets.Socket.AwaitableSocketAsyncEventArgs.System.Threading.Tasks.Sources.IValueTaskSource<System.Int32>.GetResult(Int16 token)
   at System.Net.Security.SslStream.EnsureFullTlsFrameAsync[TIOAdapter](CancellationToken cancellationToken, Int32 estimatedSize)
   at System.Runtime.CompilerServices.PoolingAsyncValueTaskMethodBuilder`1.StateMachineBox`1.System.Threading.Tasks.Sources.IValueTaskSource<TResult>.GetResult(Int16 token)
   at System.Net.Security.SslStream.ReadAsyncInternal[TIOAdapter](Memory`1 buffer, CancellationToken cancellationToken)
   at System.Runtime.CompilerServices.PoolingAsyncValueTaskMethodBuilder`1.StateMachineBox`1.System.Threading.Tasks.Sources.IValueTaskSource<TResult>.GetResult(Int16 token)
   at System.Net.Http.HttpConnection.SendAsync(HttpRequestMessage request, Boolean async, CancellationToken cancellationToken)
[2025-10-24 08:08:45Z ERR  BrokerServer] #####################################################
[2025-10-24 08:08:45Z ERR  BrokerServer] System.Net.Sockets.SocketException (995): The I/O operation has been aborted because of either a thread exit or an application request.
[2025-10-24 08:08:45Z WARN BrokerServer] Back off 13.125 seconds before next retry. 4 attempt left.
[2025-10-24 08:08:45Z INFO BrokerMessageListener] Get next message has been cancelled.
[2025-10-24 08:08:45Z INFO JobDispatcher] Shutting down JobDispatcher. Make sure all WorkerDispatcher has finished.
[2025-10-24 08:08:45Z INFO JobDispatcher] Ensure WorkerDispatcher for job f65c00ee-4121-598d-a3cb-9219bff7025d run to finish, cancel any running job.
[2025-10-24 08:08:45Z INFO JobDispatcher] Job request f65c00ee-4121-598d-a3cb-9219bff7025d processed succeed.
[2025-10-24 08:08:45Z INFO Runner] Deleting Runner Session...
[2025-10-24 08:08:46Z INFO Listener] Runner execution been cancelled.
